A51 MACRO ASSEMBLER  IEEE                                                                 07/12/2019 22:42:58 PAGE     1


MACRO ASSEMBLER A51 V8.01
OBJECT MODULE PLACED IN ..\output\IEEE.obj
ASSEMBLER INVOKED BY: E:\developer kit tool\Keil_v5\C51\BIN\A51.EXE ..\code\user data\IEEE.a51 SET(LARGE) DEBUG PRINT(.\
                      IEEE.lst) OBJECT(..\output\IEEE.obj) EP

LOC  OBJ            LINE     SOURCE

                       1     ;/*****************************************************************************
                       2     ;**               AMICCOM Electronics Corporation Document                   **
                       3     ;**          Copyright (c) 2011-2014 AMICCOM Electronics Corporation         **
                       4     ;**                                                                          **
                       5     ;**      A3,1F,No.1, Li-Hsin 1th Road, Science_Based Industrid Park,         **
                       6     ;**                       Hsin_Chu City, 300, Taiwan, ROC.                   **
                       7     ;**                 Tel: 886-3-5785818   Fax: 886-3-5785819                  **
                       8     ;**         E-mail:info@amiccom.com.tw  http: //www.amiccom.com.tw           **
                       9     ;*****************************************************************************/
                      10     NAME    IEEEE_ADDRESS
                      11     
----                  12     CSEG AT 0x02F8
                      13     
02F8 FFFF             14     DB  0xFF, 0xFF
                      15     
                      16     ;================================================ User Modify =============================
                             ====================
                      17     
                      18         ; IEEE Address
                      19             ; for ICE 
                      20                 ;DB  0x18, 0x7A, 0x93, 0x00, 0x00, 0x77     ;3UUID
                      21                             ;DB     0xD0, 0x39, 0x72, 0xA5, 0xEF, 0x24      ;WeChat
                      22                             ;DB     0x18, 0x7A, 0x93, 0x15, 0x08, 0x2D      ;TaoBao
                      23                             ;DB     0x18, 0x7A, 0x93, 0x77, 0x77, 0x77      ;TEST
                      24             ; for Writer
02FA FFFFFFFF         25                 DB  0xFF, 0xFF, 0xFF, 0xFF, 0xFF, 0xFF
02FE FFFF                    
                      26     
                      27     ;================================================= Modify END =============================
                             ====================
                      28            
                      29     END
A51 MACRO ASSEMBLER  IEEE                                                                 07/12/2019 22:42:58 PAGE     2

SYMBOL TABLE LISTING
------ ----- -------


N A M E             T Y P E  V A L U E   ATTRIBUTES

IEEEE_ADDRESS. . .  N NUMB   -----       


REGISTER BANK(S) USED: 0 


ASSEMBLY COMPLETE.  0 WARNING(S), 0 ERROR(S)
