C51 COMPILER V9.00   USERMCUFUNCTION                                                       07/12/2019 22:42:49 PAGE 1   


C51 COMPILER V9.00, COMPILATION OF MODULE USERMCUFUNCTION
OBJECT MODULE PLACED IN ..\output\usermcufunction.obj
COMPILER INVOKED BY: E:\developer kit tool\Keil_v5\C51\BIN\C51.EXE ..\code\source\usermcufunction.c LARGE OPTIMIZE(9,SIZ
                    -E) BROWSE NOAREGS INTVECTOR(0X0300) INCDIR(..\code\include) DEBUG OBJECTEXTEND PRINT(.\usermcufunction.lst) TABS(2) OBJE
                    -CT(..\output\usermcufunction.obj)

line level    source

   1          #include "usermcufunction.h"
   2          
   3          extern void disable_timer1(void);
   4          
   5          void reset(void)
   6          {
   7   1          disable_timer1();
   8   1      }


MODULE INFORMATION:   STATIC OVERLAYABLE
   CODE SIZE        =      3    ----
   CONSTANT SIZE    =   ----    ----
   XDATA SIZE       =   ----    ----
   PDATA SIZE       =   ----    ----
   DATA SIZE        =   ----    ----
   IDATA SIZE       =   ----    ----
   BIT SIZE         =   ----    ----
END OF MODULE INFORMATION.


C51 COMPILATION COMPLETE.  0 WARNING(S),  0 ERROR(S)
